[2024-02-26T13:05:29.946] [DEBUG] default - GET /23
[2024-02-26T13:05:49.081] [DEBUG] default - POST /user/register
[2024-02-26T14:52:33.251] [DEBUG] default - GET /
[2024-02-26T14:52:41.215] [DEBUG] default - GET /assets/img.png
[2024-02-26T14:52:41.523] [DEBUG] default - GET /favicon.ico
[2024-02-26T14:57:22.978] [DEBUG] default - GET /
[2024-02-26T14:57:23.275] [DEBUG] default - GET /favicon.ico
[2024-02-26T14:57:28.782] [DEBUG] default - GET /assets/img.png
[2024-02-26T14:57:28.911] [DEBUG] default - GET /favicon.ico
[2024-02-26T14:57:39.887] [DEBUG] default - GET /assets/img.png
[2024-02-26T14:57:40.197] [DEBUG] default - GET /favicon.ico
[2024-02-26T14:57:48.046] [DEBUG] default - GET /assets/img.png
[2024-02-26T14:57:48.160] [DEBUG] default - GET /favicon.ico
[2024-02-26T14:58:06.342] [DEBUG] default - GET /favicon.ico
[2024-02-26T14:58:06.635] [DEBUG] default - GET /favicon.ico
[2024-02-26T14:58:26.100] [DEBUG] default - GET /assets/img.png
[2024-02-26T14:58:26.477] [DEBUG] default - GET /favicon.ico
[2024-02-26T15:05:24.965] [DEBUG] default - GET /
[2024-02-26T15:05:26.184] [DEBUG] default - GET /
[2024-02-26T15:06:47.514] [DEBUG] default - GET /
[2024-02-26T15:06:47.633] [DEBUG] default - GET /favicon.ico
[2024-02-26T15:11:27.250] [DEBUG] default - GET /sse
[2024-02-26T15:12:29.824] [DEBUG] default - GET /assets/index.html
[2024-02-26T15:12:29.962] [DEBUG] default - GET /sse
[2024-02-26T15:12:30.089] [DEBUG] default - GET /favicon.ico
[2024-02-26T15:12:44.102] [DEBUG] default - GET /assets/index.html
[2024-02-26T15:12:44.284] [DEBUG] default - GET /sse
[2024-02-26T15:12:44.467] [DEBUG] default - GET /favicon.ico
[2024-02-26T15:13:50.265] [DEBUG] default - GET /assets/index.html
[2024-02-26T15:13:50.444] [DEBUG] default - GET /sse
[2024-02-26T15:13:50.640] [DEBUG] default - GET /favicon.ico
[2024-02-26T15:13:51.534] [DEBUG] default - GET /assets/index.html
[2024-02-26T15:13:51.709] [DEBUG] default - GET /sse
[2024-02-26T15:13:51.885] [DEBUG] default - GET /favicon.ico
[2024-02-26T15:14:10.932] [DEBUG] default - GET /assets/index.html
[2024-02-26T15:14:11.115] [DEBUG] default - GET /sse
[2024-02-26T15:14:11.294] [DEBUG] default - GET /favicon.ico
[2024-02-26T15:14:46.935] [DEBUG] default - GET /sse
[2024-02-26T15:14:47.240] [DEBUG] default - GET /favicon.ico
[2024-02-26T15:14:54.489] [DEBUG] default - GET /sse
[2024-02-26T15:14:54.860] [DEBUG] default - GET /favicon.ico
[2024-02-26T15:15:34.064] [DEBUG] default - GET /sse
[2024-02-26T15:15:34.441] [DEBUG] default - GET /favicon.ico
[2024-02-26T15:15:52.751] [DEBUG] default - GET /assets/index.html
[2024-02-26T15:15:52.949] [DEBUG] default - GET /sse
[2024-02-26T15:15:53.135] [DEBUG] default - GET /favicon.ico
[2024-02-26T15:16:47.314] [DEBUG] default - GET /assets/index.html
[2024-02-26T15:16:47.494] [DEBUG] default - GET /sse
[2024-02-26T15:16:47.702] [DEBUG] default - GET /favicon.ico
